This is pdfTeX, Version 3.141592653-2.6-1.40.28 (TeX Live 2025) (preloaded format=pdflatex 2025.10.26)  26 OCT 2025 17:55
entering extended mode
 restricted \write18 enabled.
 %&-line parsing enabled.
**regression_table.tex
(./regression_table.tex
LaTeX2e <2025-06-01> patch level 1
L3 programming layer <2025-10-09>
(/Users/teorichard/Library/TinyTeX/texmf-dist/tex/latex/base/article.cls
Document Class: article 2025/01/22 v1.4n Standard LaTeX document class
(/Users/teorichard/Library/TinyTeX/texmf-dist/tex/latex/base/size10.clo
File: size10.clo 2025/01/22 v1.4n Standard LaTeX file (size option)
)
\c@part=\count275
\c@section=\count276
\c@subsection=\count277
\c@subsubsection=\count278
\c@paragraph=\count279
\c@subparagraph=\count280
\c@figure=\count281
\c@table=\count282
\abovecaptionskip=\skip49
\belowcaptionskip=\skip50
\bibindent=\dimen148
) (/Users/teorichard/Library/TinyTeX/texmf-dist/tex/latex/booktabs/booktabs.sty
Package: booktabs 2020/01/12 v1.61803398 Publication quality tables
\heavyrulewidth=\dimen149
\lightrulewidth=\dimen150
\cmidrulewidth=\dimen151
\belowrulesep=\dimen152
\belowbottomsep=\dimen153
\aboverulesep=\dimen154
\abovetopsep=\dimen155
\cmidrulesep=\dimen156
\cmidrulekern=\dimen157
\defaultaddspace=\dimen158
\@cmidla=\count283
\@cmidlb=\count284
\@aboverulesep=\dimen159
\@belowrulesep=\dimen160
\@thisruleclass=\count285
\@lastruleclass=\count286
\@thisrulewidth=\dimen161
) (/Users/teorichard/Library/TinyTeX/texmf-dist/tex/latex/tools/dcolumn.sty
Package: dcolumn 2023/07/08 v1.06 decimal alignment package (DPC)
(/Users/teorichard/Library/TinyTeX/texmf-dist/tex/latex/tools/array.sty
Package: array 2025/06/08 v2.6j Tabular extension package (FMi)
\col@sep=\dimen162
\ar@mcellbox=\box53
\extrarowheight=\dimen163
\NC@list=\toks17
\extratabsurround=\skip51
\backup@length=\skip52
\ar@cellbox=\box54
)) (/Users/teorichard/Library/TinyTeX/texmf-dist/tex/latex/l3backend/l3backend-pdftex.def
File: l3backend-pdftex.def 2025-10-09 L3 backend support: PDF output (pdfTeX)
\l__color_backend_stack_int=\count287
) (./regression_table.aux)
\openout1 = `regression_table.aux'.

LaTeX Font Info:    Checking defaults for OML/cmm/m/it on input line 4.
LaTeX Font Info:    ... okay on input line 4.
LaTeX Font Info:    Checking defaults for OMS/cmsy/m/n on input line 4.
LaTeX Font Info:    ... okay on input line 4.
LaTeX Font Info:    Checking defaults for OT1/cmr/m/n on input line 4.
LaTeX Font Info:    ... okay on input line 4.
LaTeX Font Info:    Checking defaults for T1/cmr/m/n on input line 4.
LaTeX Font Info:    ... okay on input line 4.
LaTeX Font Info:    Checking defaults for TS1/cmr/m/n on input line 4.
LaTeX Font Info:    ... okay on input line 4.
LaTeX Font Info:    Checking defaults for OMX/cmex/m/n on input line 4.
LaTeX Font Info:    ... okay on input line 4.
LaTeX Font Info:    Checking defaults for U/cmr/m/n on input line 4.
LaTeX Font Info:    ... okay on input line 4.
LaTeX Font Info:    External font `cmex10' loaded for size
(Font)              <7> on input line 9.
LaTeX Font Info:    External font `cmex10' loaded for size
(Font)              <5> on input line 9.

Overfull \hbox (35.17305pt too wide) in paragraph at lines 9--206
 [][] 
 []


LaTeX Warning: Float too large for page by 1757.78894pt on input line 206.



[1{/Users/teorichard/Library/TinyTeX/texmf-var/fonts/map/pdftex/updmap/pdftex.map}] (./regression_table.aux)
 ***********
LaTeX2e <2025-06-01> patch level 1
L3 programming layer <2025-10-09>
 ***********
 ) 
Here is how much of TeX's memory you used:
 609 strings out of 469667
 11213 string characters out of 5474057
 474719 words of memory out of 5000000
 29133 multiletter control sequences out of 15000+600000
 628067 words of font info for 41 fonts, out of 8000000 for 9000
 36 hyphenation exceptions out of 8191
 42i,10n,51p,183b,249s stack positions out of 10000i,1000n,20000p,200000b,200000s
</Users/teorichard/Library/TinyTeX/texmf-dist/fonts/type1/public/amsfonts/cm/cmmi10.pfb></Users/teorichard/Library/TinyTeX/texmf-dist/fonts/type1/public/amsfonts/cm/cmr10.pfb></Users/teorichard/Library/TinyTeX/texmf-dist/fonts/type1/public/amsfonts/cm/cmr7.pfb></Users/teorichard/Library/TinyTeX/texmf-dist/fonts/type1/public/amsfonts/cm/cmsy10.pfb></Users/teorichard/Library/TinyTeX/texmf-dist/fonts/type1/public/amsfonts/cm/cmsy7.pfb></Users/teorichard/Library/TinyTeX/texmf-dist/fonts/type1/public/amsfonts/cm/cmti10.pfb>
Output written on regression_table.pdf (1 page, 70211 bytes).
PDF statistics:
 38 PDF objects out of 1000 (max. 8388607)
 22 compressed objects within 1 object stream
 0 named destinations out of 1000 (max. 500000)
 1 words of extra memory for PDF output out of 10000 (max. 10000000)

